2017-07-04 16:42:37,085 INFO  [AdherentDaoHibernate] isPresent
2017-07-04 16:42:37,218 INFO  [AdherentDaoHibernate] save
2017-07-04 16:42:37,246 INFO  [AdherentDaoHibernate] isPresent
2017-07-04 16:42:37,250 INFO  [AdherentDaoHibernate] save
2017-07-04 16:42:37,251 INFO  [LivreDaoHibernate] getCount
2017-07-04 16:42:37,258 INFO  [LivreDaoHibernate] save
2017-07-04 16:42:37,262 INFO  [LivreDaoHibernate] getCount
2017-07-04 16:42:37,263 INFO  [LivreDaoHibernate] save
2017-07-04 16:42:37,265 INFO  [LivreDaoHibernate] getCount
2017-07-04 16:42:37,266 INFO  [LivreDaoHibernate] save
2017-07-04 16:42:37,267 INFO  [LivreDaoHibernate] save
2017-07-04 16:42:37,269 INFO  [LivreDaoHibernate] save
2017-07-04 16:42:37,270 INFO  [LivreDaoHibernate] save
2017-07-04 16:42:37,271 INFO  [LivreDaoHibernate] save
2017-07-04 16:42:37,274 INFO  [EmpruntDaoHibernate] getAllByAdherent
2017-07-04 16:42:37,285 INFO  [EmpruntDaoHibernate] getEmpruntEnCoursByLivre
2017-07-04 16:42:37,296 INFO  [LivreDaoHibernate] load
2017-07-04 16:42:37,301 INFO  [AdherentDaoHibernate] load
2017-07-04 16:42:37,301 INFO  [EmpruntDaoHibernate] save
2017-07-04 16:42:37,307 INFO  [EmpruntDaoHibernate] getAllByAdherent
2017-07-04 16:42:37,310 INFO  [EmpruntDaoHibernate] getEmpruntEnCoursByLivre
2017-07-04 16:42:37,316 INFO  [EmpruntDaoHibernate] getAllByAdherent
2017-07-04 16:42:37,318 INFO  [EmpruntDaoHibernate] getEmpruntEnCoursByLivre
2017-07-04 16:42:37,320 INFO  [LivreDaoHibernate] load
2017-07-04 16:42:37,320 INFO  [AdherentDaoHibernate] load
2017-07-04 16:42:37,320 INFO  [EmpruntDaoHibernate] save
2017-07-04 16:42:37,322 INFO  [EmpruntDaoHibernate] getAllByAdherent
2017-07-04 16:42:37,324 INFO  [EmpruntDaoHibernate] getEmpruntEnCoursByLivre
2017-07-04 16:42:37,326 INFO  [LivreDaoHibernate] load
2017-07-04 16:42:37,326 INFO  [AdherentDaoHibernate] load
2017-07-04 16:42:37,326 INFO  [EmpruntDaoHibernate] save
2017-07-04 16:42:37,328 INFO  [EmpruntDaoHibernate] getAllByAdherent
2017-07-04 16:42:37,330 INFO  [EmpruntDaoHibernate] getEmpruntEnCoursByLivre
2017-07-04 16:42:37,333 INFO  [LivreDaoHibernate] load
2017-07-04 16:42:37,334 INFO  [AdherentDaoHibernate] load
2017-07-04 16:42:37,334 INFO  [EmpruntDaoHibernate] save
2017-07-04 16:42:37,335 INFO  [EmpruntDaoHibernate] getAllByAdherent
2017-07-04 16:42:37,338 INFO  [EmpruntDaoHibernate] getEmpruntEnCoursByLivre
2017-07-04 16:42:37,339 INFO  [LivreDaoHibernate] load
2017-07-04 16:42:37,340 INFO  [AdherentDaoHibernate] load
2017-07-04 16:42:37,340 INFO  [EmpruntDaoHibernate] save
2017-07-04 16:42:37,341 INFO  [EmpruntDaoHibernate] getAllByAdherent
2017-07-04 16:42:37,344 INFO  [EmpruntDaoHibernate] getEmpruntEnCoursByLivre
2017-07-04 16:42:37,346 INFO  [EmpruntDaoHibernate] getEmpruntsEnCoursByAdherent
2017-07-04 16:42:37,353 INFO  [EmpruntDaoHibernate] getEmpruntEnCoursByLivre
2017-07-04 16:42:37,354 INFO  [EmpruntDaoHibernate] update
2017-07-04 16:42:37,357 INFO  [EmpruntDaoHibernate] getEmpruntEnCoursByLivre
2017-07-04 16:42:37,369 INFO  [EmpruntDaoHibernate] getAllByLivre
2017-07-04 16:42:37,376 INFO  [EmpruntDaoHibernate] removeAll
2017-07-04 16:42:37,377 INFO  [LivreDaoHibernate] removeById
2017-07-04 16:42:37,378 INFO  [EmpruntDaoHibernate] getEmpruntEnCoursByLivre
2017-07-04 16:42:37,382 INFO  [EmpruntDaoHibernate] update
2017-07-04 16:42:37,382 INFO  [EmpruntDaoHibernate] getAllByAdherent
2017-07-04 16:42:37,383 INFO  [EmpruntDaoHibernate] getEmpruntEnCoursByLivre
2017-07-04 16:42:37,385 INFO  [LivreDaoHibernate] load
2017-07-04 16:42:37,385 INFO  [AdherentDaoHibernate] load
2017-07-04 16:42:37,385 INFO  [EmpruntDaoHibernate] save
2017-07-04 16:42:37,386 INFO  [EmpruntDaoHibernate] getEmpruntEnCoursByLivre
2017-07-04 16:42:37,388 INFO  [EmpruntDaoHibernate] update
2017-07-04 16:42:37,388 INFO  [EmpruntDaoHibernate] getAllByAdherent
2017-07-04 16:42:37,392 INFO  [EmpruntDaoHibernate] getEmpruntEnCoursByLivre
2017-07-04 16:42:37,393 INFO  [LivreDaoHibernate] load
2017-07-04 16:42:37,393 INFO  [AdherentDaoHibernate] load
2017-07-04 16:42:37,393 INFO  [EmpruntDaoHibernate] save
2017-07-04 16:42:37,395 INFO  [EmpruntDaoHibernate] getEmpruntEnCoursByLivre
2017-07-04 16:42:37,396 INFO  [EmpruntDaoHibernate] update
2017-07-04 16:42:37,396 INFO  [EmpruntDaoHibernate] getAllByAdherent
2017-07-04 16:42:37,399 INFO  [EmpruntDaoHibernate] getEmpruntEnCoursByLivre
2017-07-04 16:42:37,401 INFO  [LivreDaoHibernate] load
2017-07-04 16:42:37,401 INFO  [AdherentDaoHibernate] load
2017-07-04 16:42:37,401 INFO  [EmpruntDaoHibernate] save
2017-07-04 16:42:37,402 INFO  [EmpruntDaoHibernate] getEmpruntEnCoursByLivre
2017-07-04 16:42:37,404 INFO  [EmpruntDaoHibernate] update
2017-07-04 16:42:37,404 INFO  [EmpruntDaoHibernate] getAllByAdherent
2017-07-04 16:42:37,406 INFO  [EmpruntDaoHibernate] getEmpruntEnCoursByLivre
2017-07-04 16:42:37,407 INFO  [LivreDaoHibernate] load
2017-07-04 16:42:37,408 INFO  [AdherentDaoHibernate] load
2017-07-04 16:42:37,408 INFO  [EmpruntDaoHibernate] save
2017-07-04 16:42:37,409 INFO  [EmpruntDaoHibernate] getAllByLivre
2017-07-04 16:42:37,414 INFO  [EmpruntDaoHibernate] getAllByAdherent
2017-07-04 16:42:37,416 INFO  [EmpruntDaoHibernate] getEmpruntsEnCoursByAdherent
2017-07-04 16:42:37,417 INFO  [EmpruntDaoHibernate] getAllByAdherent
2017-07-04 16:42:37,418 INFO  [EmpruntDaoHibernate] removeAll
2017-07-04 16:42:37,418 INFO  [AdherentDaoHibernate] removeById
2017-07-04 16:42:37,419 INFO  [EmpruntDaoHibernate] loadAll
2017-07-04 16:42:37,423 INFO  [EmpruntDaoHibernate] removeAll
2017-07-04 16:42:37,424 INFO  [AdherentDaoHibernate] loadAll
2017-07-04 16:42:37,426 INFO  [AdherentDaoHibernate] removeAll
2017-07-04 16:42:37,427 INFO  [LivreDaoHibernate] loadAll
2017-07-04 16:42:37,430 INFO  [LivreDaoHibernate] removeAll
2017-07-04 16:42:37,438 INFO  [LivreDaoHibernate] save
2017-07-04 16:42:37,439 INFO  [LivreDaoHibernate] save
2017-07-04 16:42:37,440 INFO  [LivreDaoHibernate] save
2017-07-04 16:42:37,441 INFO  [EmpruntDaoHibernate] getEmpruntEnCoursByLivre
2017-07-04 16:42:37,443 INFO  [EmpruntDaoHibernate] getAllByLivre
2017-07-04 16:42:37,444 INFO  [EmpruntDaoHibernate] removeAll
2017-07-04 16:42:37,444 INFO  [LivreDaoHibernate] removeById
2017-07-04 16:42:37,444 INFO  [EmpruntDaoHibernate] getEmpruntEnCoursByLivre
2017-07-04 16:42:37,446 INFO  [EmpruntDaoHibernate] getAllByLivre
2017-07-04 16:42:37,447 INFO  [EmpruntDaoHibernate] removeAll
2017-07-04 16:42:37,447 INFO  [LivreDaoHibernate] removeById
2017-07-04 16:42:37,447 INFO  [EmpruntDaoHibernate] getEmpruntEnCoursByLivre
2017-07-04 16:42:37,449 INFO  [EmpruntDaoHibernate] getAllByLivre
2017-07-04 16:42:37,450 INFO  [EmpruntDaoHibernate] removeAll
2017-07-04 16:42:37,450 INFO  [LivreDaoHibernate] removeById
2017-07-04 16:42:37,450 INFO  [LivreDaoHibernate] getCount
2017-07-04 16:42:37,453 INFO  [LivreDaoHibernate] getCount
2017-07-04 16:42:37,454 INFO  [LivreDaoHibernate] save
2017-07-04 16:42:37,455 INFO  [LivreDaoHibernate] getCount
2017-07-04 16:42:37,456 INFO  [LivreDaoHibernate] save
2017-07-04 16:42:37,457 INFO  [LivreDaoHibernate] getCount
2017-07-04 16:42:37,458 INFO  [LivreDaoHibernate] save
2017-07-04 16:42:37,459 INFO  [LivreDaoHibernate] getCount
2017-07-04 16:42:37,461 INFO  [LivreDaoHibernate] save
2017-07-04 16:42:37,462 INFO  [LivreDaoHibernate] getCount
2017-07-04 16:42:37,463 INFO  [LivreDaoHibernate] save
2017-07-04 16:42:37,464 INFO  [LivreDaoHibernate] getCount
2017-07-04 16:42:37,465 INFO  [LivreDaoHibernate] save
2017-07-04 16:42:37,467 INFO  [LivreDaoHibernate] getCount
2017-07-04 16:42:37,468 INFO  [LivreDaoHibernate] getCount
2017-07-04 16:42:37,469 INFO  [LivreDaoHibernate] loadAll
2017-07-04 16:42:37,470 INFO  [LivreDaoHibernate] removeAll
2017-07-04 16:42:37,470 INFO  [LivreDaoHibernate] loadAll
2017-07-04 16:42:37,475 INFO  [AdherentDaoHibernate] isPresent
2017-07-04 16:42:37,476 INFO  [AdherentDaoHibernate] save
2017-07-04 16:42:37,478 INFO  [AdherentDaoHibernate] isPresent
2017-07-04 16:42:37,479 INFO  [AdherentDaoHibernate] save
2017-07-04 16:42:37,480 INFO  [AdherentDaoHibernate] isPresent
2017-07-04 16:42:37,481 INFO  [AdherentDaoHibernate] loadAll
2017-07-04 16:42:37,483 INFO  [AdherentDaoHibernate] loadAll
2017-07-04 16:42:37,484 INFO  [AdherentDaoHibernate] removeAll
2017-07-04 16:42:37,484 INFO  [AdherentDaoHibernate] loadAll
